Added Net: Name=B+
Added Net: Name=B-
Added Net: Name=BST
Added Net: Name=CC1
Added Net: Name=CC2
Added Net: Name=CCL/WLED
Added Net: Name=DATA
Added Net: Name=DMA1
Added Net: Name=DMA2
Added Net: Name=DMB
Added Net: Name=DMC
Added Net: Name=DPA1
Added Net: Name=DPB
Added Net: Name=DPC
Added Net: Name=FLED/BSET/IDA2
Added Net: Name=GATE_A1
Added Net: Name=GATE_A2
Added Net: Name=GATE_B
Added Net: Name=GATE_C
Added Net: Name=GATEL
Added Net: Name=GND
Added Net: Name=KEY/GSET/IDA1
Added Net: Name=LED1/SCL
Added Net: Name=LED2/SDA
Added Net: Name=LED3/IRQ
Added Net: Name=LED4/I2C
Added Net: Name=LED5/CSET
Added Net: Name=NetC14_1
Added Net: Name=NetD6_1
Added Net: Name=NetR4_2
Added Net: Name=SW
Added Net: Name=VBUS_A1
Added Net: Name=VBUS_A2
Added Net: Name=VBUS_B
Added Net: Name=VBUS_C
Added Net: Name=VBUS_L
Added Net: Name=VCC
Added Net: Name=VOUT_A1
Added Net: Name=VOUT
Added Class: Name=Main
Added Room: Name=Main
