Added Component: Designator=U1(SOT23-6)
Added Component: Designator=U2(QFN-48_6x6)
Added Component: Designator=U3(SOT23-6)
Added Component: Designator=U4(SOT23-6)
Added Pin To Net: NetName=VBUS_A1 Pin=U1-1
Added Pin To Net: NetName=VOUT_A1 Pin=U1-2
Added Pin To Net: NetName=VBUS_A1 Pin=U1-3
Added Pin To Net: NetName=GATE_A1 Pin=U1-4
Added Pin To Net: NetName=VOUT_A1 Pin=U1-5
Added Pin To Net: NetName=GATE_A1 Pin=U1-6
Added Pin To Net: NetName=DPC Pin=U2-1
Added Pin To Net: NetName=SW Pin=U2-2
Added Pin To Net: NetName=SW Pin=U2-3
Added Pin To Net: NetName=SW Pin=U2-4
Added Pin To Net: NetName=SW Pin=U2-5
Added Pin To Net: NetName=SW Pin=U2-6
Added Pin To Net: NetName=BST Pin=U2-7
Added Pin To Net: NetName=DATA Pin=U2-8
Added Pin To Net: NetName=VOUT_A1 Pin=U2-9
Added Pin To Net: NetName=VBUS_A1 Pin=U2-10
Added Pin To Net: NetName=VBUS_B Pin=U2-11
Added Pin To Net: NetName=VBUS_C Pin=U2-12
Added Pin To Net: NetName=VOUT_A1 Pin=U2-13
Added Pin To Net: NetName=VOUT_A1 Pin=U2-14
Added Pin To Net: NetName=VBUS_A2 Pin=U2-15
Added Pin To Net: NetName=VBUS_L Pin=U2-16
Added Pin To Net: NetName=B+ Pin=U2-17
Added Pin To Net: NetName=NetR4_2 Pin=U2-18
Added Pin To Net: NetName=VCC Pin=U2-19
Added Pin To Net: NetName=KEY/GSET/IDA1 Pin=U2-20
Added Pin To Net: NetName=FLED/BSET/IDA2 Pin=U2-21
Added Pin To Net: NetName=LED5/CSET Pin=U2-22
Added Pin To Net: NetName=LED4/I2C Pin=U2-23
Added Pin To Net: NetName=LED3/IRQ Pin=U2-24
Added Pin To Net: NetName=LED2/SDA Pin=U2-25
Added Pin To Net: NetName=LED1/SCL Pin=U2-26
Added Pin To Net: NetName=VOUT_A1 Pin=U2-27
Added Pin To Net: NetName=VOUT Pin=U2-28
Added Pin To Net: NetName=VOUT Pin=U2-29
Added Pin To Net: NetName=VOUT Pin=U2-30
Added Pin To Net: NetName=VOUT Pin=U2-31
Added Pin To Net: NetName=VOUT Pin=U2-32
Added Pin To Net: NetName=VOUT Pin=U2-33
Added Pin To Net: NetName=GATEL Pin=U2-34
Added Pin To Net: NetName=GATE_A2 Pin=U2-35
Added Pin To Net: NetName=GATE_A1 Pin=U2-36
Added Pin To Net: NetName=GATE_B Pin=U2-37
Added Pin To Net: NetName=GATE_C Pin=U2-38
Added Pin To Net: NetName=CCL/WLED Pin=U2-39
Added Pin To Net: NetName=CC2 Pin=U2-40
Added Pin To Net: NetName=CC1 Pin=U2-41
Added Pin To Net: NetName=DMC Pin=U2-42
Added Pin To Net: NetName=DPC Pin=U2-43
Added Pin To Net: NetName=DMB Pin=U2-44
Added Pin To Net: NetName=DPB Pin=U2-45
Added Pin To Net: NetName=DMA1 Pin=U2-46
Added Pin To Net: NetName=DPA1 Pin=U2-47
Added Pin To Net: NetName=DMA2 Pin=U2-48
Added Pin To Net: NetName=GND Pin=U2-49
Added Pin To Net: NetName=VBUS_A2 Pin=U3-1
Added Pin To Net: NetName=VOUT_A1 Pin=U3-2
Added Pin To Net: NetName=VBUS_A2 Pin=U3-3
Added Pin To Net: NetName=GATE_A2 Pin=U3-4
Added Pin To Net: NetName=VOUT_A1 Pin=U3-5
Added Pin To Net: NetName=GATE_A2 Pin=U3-6
Added Pin To Net: NetName=VBUS_C Pin=U4-1
Added Pin To Net: NetName=VOUT_A1 Pin=U4-2
Added Pin To Net: NetName=VBUS_C Pin=U4-3
Added Pin To Net: NetName=GATE_C Pin=U4-4
Added Pin To Net: NetName=VOUT_A1 Pin=U4-5
Added Pin To Net: NetName=GATE_C Pin=U4-6
Added Member To Class: ClassName=Main Member=Component U1 UT8205A
Added Member To Class: ClassName=Main Member=Component U2 SW6208
Added Member To Class: ClassName=Main Member=Component U3 UT8205A
Added Member To Class: ClassName=Main Member=Component U4 UT8205A
